            --------------------------------------------------------
                             AMBER SQM VERSION 19
 
                                     By
              Ross C. Walker, Michael F. Crowley, Scott Brozell,
                         Tim Giese, Andreas W. Goetz,
                        Tai-Sung Lee and David A. Case
 
            --------------------------------------------------------
 

--------------------------------------------------------------------------------
  QM CALCULATION INFO
--------------------------------------------------------------------------------

| QMMM: Citation for AMBER QMMM Run:
| QMMM: R.C. Walker, M.F. Crowley and D.A. Case, J. COMP. CHEM. 29:1019, 2008

QMMM: SINGLET STATE CALCULATION
QMMM: RHF CALCULATION, NO. OF DOUBLY OCCUPIED LEVELS =  7

| QMMM: *** Selected Hamiltonian *** 
| QMMM: AM1         

| QMMM: *** Parameter sets in use ***
| QMMM: C : M.J.S.DEWAR et al. JACS, 107, 3902, (1985)
| QMMM: O : M.J.S.DEWAR et al. JACS, 107, 3902, (1985)
| QMMM: H : M.J.S.DEWAR et al. JACS, 107, 3902, (1985)

| QMMM: *** SCF convergence criteria ***
| QMMM: Energy change                :  0.1D-09 kcal/mol
| QMMM: Error matrix |FP-PF|         :  0.1D+00 au
| QMMM: Density matrix change        :  0.5D-06
| QMMM: Maximum number of SCF cycles :     1000

| QMMM: *** Diagonalization Routine Information ***
| QMMM: Pseudo diagonalizations are allowed.
| QMMM: Auto diagonalization routine selection is in use.
| QMMM:
| QMMM: Timing diagonalization routines:
| QMMM:                              norbs =       12
| QMMM:    diag iterations used for timing =       20
| QMMM:
| QMMM:              Internal diag routine = 0.000267 seconds
| QMMM:                 Dspev diag routine = 0.000651 seconds
| QMMM:                Dspevd diag routine = 0.000592 seconds
| QMMM:                Dspevx diag routine = 0.001876 seconds
| QMMM:                 Dsyev diag routine = 0.000589 seconds
| QMMM:                Dsyevd diag routine = 0.000591 seconds
| QMMM:                Dsyevr diag routine = 0.000841 seconds
| QMMM:
| QMMM:                Pseudo diag routine = 0.000063 seconds
| QMMM:
| QMMM: Using internal diagonalization routine (diag_routine=1).

  QMMM: QM Region Cartesian Coordinates (*=link atom) 
  QMMM: QM_NO.   MM_NO.  ATOM         X         Y         Z
  QMMM:     1        1      C        0.0000    0.0000    0.0000
  QMMM:     2        2      O        1.4300    0.0000    0.0000
  QMMM:     3        3      H       -0.5400    0.9300    0.0000
  QMMM:     4        4      H       -0.5400   -0.4650    0.8900
  QMMM:     5        5      H       -0.5400   -0.4650   -0.8900
  QMMM:     6        6      H        1.9300    0.0000    0.0000

--------------------------------------------------------------------------------
  RESULTS
--------------------------------------------------------------------------------

      iter         sqm energy              rms gradient
      ----    -------------------    -----------------------
xmin    10      -56.0549 kcal/mol        0.8048 kcal/(mol*A)
xmin    20      -56.7206 kcal/mol        1.3048 kcal/(mol*A)
xmin    30      -57.0582 kcal/mol        0.1667 kcal/(mol*A)
xmin    40      -57.0661 kcal/mol        0.1584 kcal/(mol*A)
xmin    50      -57.0667 kcal/mol        0.0058 kcal/(mol*A)
  ... geometry converged !
 
 Final MO eigenvalues (eV):
 -37.8408  -26.9821  -18.2797  -15.4479  -15.2888  -12.4947  -11.1351    3.7779
   4.0893    4.2299    4.5222    6.2444

 Heat of formation   =        -57.06667745 kcal/mol  (       -2.47459683 eV)

 Total SCF energy    =     -11622.87974579 kcal/mol  (     -504.00588638 eV)
 Electronic energy   =     -24674.97066557 kcal/mol  (    -1069.98701989 eV)
 Core-core repulsion =      13052.09091978 kcal/mol  (      565.98113351 eV)
 
    Atomic Charges for Step       1 :
  Atom    Element       Mulliken Charge
     1      C                 -0.073
     2      O                 -0.326
     3      H                  0.053
     4      H                  0.098
     5      H                  0.053
     6      H                  0.195
 Total Mulliken Charge =      -0.000
 
                  X        Y        Z     TOTAL  
  QM DIPOLE    -0.690    0.982   -1.091    1.621
 
 Final Structure

  QMMM: QM Region Cartesian Coordinates (*=link atom) 
  QMMM: QM_NO.   MM_NO.  ATOM         X         Y         Z
  QMMM:     1        1      C       -0.0709   -0.0128    0.0484
  QMMM:     2        2      O        1.2839   -0.3234    0.2882
  QMMM:     3        3      H       -0.2630    1.0794    0.1962
  QMMM:     4        4      H       -0.6449   -0.6083    0.8021
  QMMM:     5        5      H       -0.3726   -0.3117   -0.9865
  QMMM:     6        6      H        1.8074    0.1768   -0.3485

           --------- Calculation Completed ----------

